<?xml version="1.0" encoding="UTF-8"?>
<!-- Generated by org.testng.reporters.JUnitXMLReporter -->
<testsuite ignored="0" hostname="DESKTOP-P2FITBV" failures="2" tests="2" name="Default test" time="1.046" errors="0" timestamp="2023-03-06T10:13:52 EST">
  <testcase classname="io.cucumber.testng.AbstractTestNGCucumberTests" name="runScenario" time="0.164">
    <failure type="java.lang.NullPointerException" message="Cannot invoke &amp;quot;org.openqa.selenium.WebDriver.manage()&amp;quot; because &amp;quot;this.driver&amp;quot; is null">
      <![CDATA[java.lang.NullPointerException: Cannot invoke "org.openqa.selenium.WebDriver.manage()" because "this.driver" is null
at RahulShettyAcademy.TestComponents.BaseTest.initializationDriver(BaseTest.java:69)
at RahulShettyAcademy.TestComponents.BaseTest.launchApplication(BaseTest.java:102)
at RahulShettyAcademy.stepDefination.StepDefination.I_landed_on_Ecommerce_Page(StepDefination.java:27)
at ✽.I landed on Ecommerce Page(file:///C:/Users/chauh/newFramework/SeleniumFrameworkDesign/src/test/java/cucumber/ErrorValidationsTest.feature:10)
]]>
    </failure>
  </testcase> <!-- runScenario -->
  <testcase classname="io.cucumber.testng.AbstractTestNGCucumberTests" name="runScenario" time="0.019">
    <failure type="java.lang.NullPointerException" message="Cannot invoke &amp;quot;org.openqa.selenium.WebDriver.manage()&amp;quot; because &amp;quot;this.driver&amp;quot; is null">
      <![CDATA[java.lang.NullPointerException: Cannot invoke "org.openqa.selenium.WebDriver.manage()" because "this.driver" is null
at RahulShettyAcademy.TestComponents.BaseTest.initializationDriver(BaseTest.java:69)
at RahulShettyAcademy.TestComponents.BaseTest.launchApplication(BaseTest.java:102)
at RahulShettyAcademy.stepDefination.StepDefination.I_landed_on_Ecommerce_Page(StepDefination.java:27)
at ✽.I landed on Ecommerce Page(file:///C:/Users/chauh/newFramework/SeleniumFrameworkDesign/src/test/java/cucumber/SubmitOrder.feature:7)
]]>
    </failure>
  </testcase> <!-- runScenario -->
</testsuite> <!-- Default test -->
