<?xml version="1.0" encoding="UTF-8"?>
<!-- Generated by org.testng.reporters.JUnitXMLReporter -->
<testsuite ignored="0" hostname="DESKTOP-P2FITBV" failures="0" tests="2" name="Error Validation Test" time="0.11" errors="0" timestamp="2023-02-23T09:46:45 EST">
  <testcase classname="RahulShettyAcademy.TestComponents.BaseTest" name="@BeforeMethod launchApplication" time="0.005">
    <failure type="java.io.FileNotFoundException" message="C:\Users\chauh\newFramework\SeleniumFrameworkDesign\src\test\java\RahulShettyAcademy\resources\GlobalData.properties (The system cannot find the path specified)">
      <![CDATA[java.io.FileNotFoundException: C:\Users\chauh\newFramework\SeleniumFrameworkDesign\src\test\java\RahulShettyAcademy\resources\GlobalData.properties (The system cannot find the path specified)
at java.base/java.io.FileInputStream.open0(Native Method)
at java.base/java.io.FileInputStream.open(FileInputStream.java:216)
at java.base/java.io.FileInputStream.<init>(FileInputStream.java:157)
at java.base/java.io.FileInputStream.<init>(FileInputStream.java:111)
at RahulShettyAcademy.TestComponents.BaseTest.initializationDriver(BaseTest.java:35)
at RahulShettyAcademy.TestComponents.BaseTest.launchApplication(BaseTest.java:91)
at java.base/java.util.ArrayList.forEach(ArrayList.java:1511)
at java.base/java.util.concurrent.FutureTask.run(FutureTask.java:264)
at java.base/java.util.concurrent.ThreadPoolExecutor.runWorker(ThreadPoolExecutor.java:1136)
at java.base/java.util.concurrent.ThreadPoolExecutor$Worker.run(ThreadPoolExecutor.java:635)
at java.base/java.lang.Thread.run(Thread.java:833)
... Removed 22 stack frames]]>
    </failure>
  </testcase> <!-- @BeforeMethod launchApplication -->
  <testcase classname="RahulShettyAcademy.TestComponents.BaseTest" name="@AfterMethod tearDown" time="0.0">
    <failure type="java.lang.NullPointerException" message="Cannot invoke &amp;quot;org.openqa.selenium.WebDriver.close()&amp;quot; because &amp;quot;this.driver&amp;quot; is null">
      <![CDATA[java.lang.NullPointerException: Cannot invoke "org.openqa.selenium.WebDriver.close()" because "this.driver" is null
at RahulShettyAcademy.TestComponents.BaseTest.tearDown(BaseTest.java:100)
at java.base/java.util.ArrayList.forEach(ArrayList.java:1511)
at java.base/java.util.concurrent.FutureTask.run(FutureTask.java:264)
at java.base/java.util.concurrent.ThreadPoolExecutor.runWorker(ThreadPoolExecutor.java:1136)
at java.base/java.util.concurrent.ThreadPoolExecutor$Worker.run(ThreadPoolExecutor.java:635)
at java.base/java.lang.Thread.run(Thread.java:833)
... Removed 23 stack frames]]>
    </failure>
  </testcase> <!-- @AfterMethod tearDown -->
  <testcase classname="RahulShettyAcademy.TestComponents.BaseTest" name="@BeforeMethod launchApplication" time="0.001">
    <failure type="java.io.FileNotFoundException" message="C:\Users\chauh\newFramework\SeleniumFrameworkDesign\src\test\java\RahulShettyAcademy\resources\GlobalData.properties (The system cannot find the path specified)">
      <![CDATA[java.io.FileNotFoundException: C:\Users\chauh\newFramework\SeleniumFrameworkDesign\src\test\java\RahulShettyAcademy\resources\GlobalData.properties (The system cannot find the path specified)
at java.base/java.io.FileInputStream.open0(Native Method)
at java.base/java.io.FileInputStream.open(FileInputStream.java:216)
at java.base/java.io.FileInputStream.<init>(FileInputStream.java:157)
at java.base/java.io.FileInputStream.<init>(FileInputStream.java:111)
at RahulShettyAcademy.TestComponents.BaseTest.initializationDriver(BaseTest.java:35)
at RahulShettyAcademy.TestComponents.BaseTest.launchApplication(BaseTest.java:91)
at java.base/java.util.ArrayList.forEach(ArrayList.java:1511)
at java.base/java.util.concurrent.FutureTask.run(FutureTask.java:264)
at java.base/java.util.concurrent.ThreadPoolExecutor.runWorker(ThreadPoolExecutor.java:1136)
at java.base/java.util.concurrent.ThreadPoolExecutor$Worker.run(ThreadPoolExecutor.java:635)
at java.base/java.lang.Thread.run(Thread.java:833)
... Removed 22 stack frames]]>
    </failure>
  </testcase> <!-- @BeforeMethod launchApplication -->
  <testcase classname="RahulShettyAcademy.TestComponents.BaseTest" name="@AfterMethod tearDown" time="0.0">
    <failure type="java.lang.NullPointerException" message="Cannot invoke &amp;quot;org.openqa.selenium.WebDriver.close()&amp;quot; because &amp;quot;this.driver&amp;quot; is null">
      <![CDATA[java.lang.NullPointerException: Cannot invoke "org.openqa.selenium.WebDriver.close()" because "this.driver" is null
at RahulShettyAcademy.TestComponents.BaseTest.tearDown(BaseTest.java:100)
at java.base/java.util.ArrayList.forEach(ArrayList.java:1511)
at java.base/java.util.concurrent.FutureTask.run(FutureTask.java:264)
at java.base/java.util.concurrent.ThreadPoolExecutor.runWorker(ThreadPoolExecutor.java:1136)
at java.base/java.util.concurrent.ThreadPoolExecutor$Worker.run(ThreadPoolExecutor.java:635)
at java.base/java.lang.Thread.run(Thread.java:833)
... Removed 23 stack frames]]>
    </failure>
  </testcase> <!-- @AfterMethod tearDown -->
  <testcase classname="RahulShettyAcademy.Test.ErrorValidationsTest" name="loginerrorvalidation" time="0.0">
    <skipped/>
  </testcase> <!-- loginerrorvalidation -->
  <testcase classname="RahulShettyAcademy.Test.ErrorValidationsTest" name="productErrorvalidation" time="0.0">
    <skipped/>
  </testcase> <!-- productErrorvalidation -->
</testsuite> <!-- Error Validation Test -->
