<?xml version="1.0" encoding="UTF-8"?>
<testng-results ignored="0" total="2" passed="0" failed="2" skipped="0">
  <reporter-output>
  </reporter-output>
  <suite started-at="2023-03-06T10:13:51 EST" name="Default suite" finished-at="2023-03-06T10:13:52 EST" duration-ms="1046">
    <groups>
      <group name="cucumber">
        <method signature="AbstractTestNGCucumberTests.runScenario(io.cucumber.testng.PickleWrapper,io.cucumber.testng.FeatureWrapper)[pri:0, instance:cucumber.TestNGTestRunner@4b45a2f5]" name="runScenario" class="io.cucumber.testng.AbstractTestNGCucumberTests"/>
      </group> <!-- cucumber -->
    </groups>
    <test started-at="2023-03-06T10:13:51 EST" name="Default test" finished-at="2023-03-06T10:13:52 EST" duration-ms="1046">
      <class name="cucumber.TestNGTestRunner">
        <test-method is-config="true" signature="setUpClass(org.testng.ITestContext)[pri:0, instance:cucumber.TestNGTestRunner@4b45a2f5]" started-at="2023-03-06T10:13:51 EST" name="setUpClass" finished-at="2023-03-06T10:13:52 EST" duration-ms="765" status="PASS">
          <params>
            <param index="0">
              <value>
                <![CDATA[org.testng.TestRunner@46044faa]]>
              </value>
            </param>
          </params>
          <reporter-output>
          </reporter-output>
        </test-method> <!-- setUpClass -->
        <test-method signature="runScenario(io.cucumber.testng.PickleWrapper,io.cucumber.testng.FeatureWrapper)[pri:0, instance:cucumber.TestNGTestRunner@4b45a2f5]" started-at="2023-03-06T10:13:52 EST" name="runScenario" description="Runs Cucumber Scenarios" data-provider="scenarios" finished-at="2023-03-06T10:13:52 EST" duration-ms="164" status="FAIL">
          <params>
            <param index="0">
              <value>
                <![CDATA["Title of your scenario outline"]]>
              </value>
            </param>
            <param index="1">
              <value>
                <![CDATA["Error Validation"]]>
              </value>
            </param>
          </params>
          <exception class="java.lang.NullPointerException">
            <message>
              <![CDATA[Cannot invoke "org.openqa.selenium.WebDriver.manage()" because "this.driver" is null]]>
            </message>
            <full-stacktrace>
              <![CDATA[java.lang.NullPointerException: Cannot invoke "org.openqa.selenium.WebDriver.manage()" because "this.driver" is null
at RahulShettyAcademy.TestComponents.BaseTest.initializationDriver(BaseTest.java:69)
at RahulShettyAcademy.TestComponents.BaseTest.launchApplication(BaseTest.java:102)
at RahulShettyAcademy.stepDefination.StepDefination.I_landed_on_Ecommerce_Page(StepDefination.java:27)
at ✽.I landed on Ecommerce Page(file:///C:/Users/chauh/newFramework/SeleniumFrameworkDesign/src/test/java/cucumber/ErrorValidationsTest.feature:10)
]]>
            </full-stacktrace>
          </exception> <!-- java.lang.NullPointerException -->
          <reporter-output>
          </reporter-output>
        </test-method> <!-- runScenario -->
        <test-method signature="runScenario(io.cucumber.testng.PickleWrapper,io.cucumber.testng.FeatureWrapper)[pri:0, instance:cucumber.TestNGTestRunner@4b45a2f5]" started-at="2023-03-06T10:13:52 EST" name="runScenario" description="Runs Cucumber Scenarios" data-provider="scenarios" finished-at="2023-03-06T10:13:52 EST" duration-ms="19" status="FAIL">
          <params>
            <param index="0">
              <value>
                <![CDATA["Positive Test of Submitting the order"]]>
              </value>
            </param>
            <param index="1">
              <value>
                <![CDATA["Purchase the order from Ecommerce Website"]]>
              </value>
            </param>
          </params>
          <exception class="java.lang.NullPointerException">
            <message>
              <![CDATA[Cannot invoke "org.openqa.selenium.WebDriver.manage()" because "this.driver" is null]]>
            </message>
            <full-stacktrace>
              <![CDATA[java.lang.NullPointerException: Cannot invoke "org.openqa.selenium.WebDriver.manage()" because "this.driver" is null
at RahulShettyAcademy.TestComponents.BaseTest.initializationDriver(BaseTest.java:69)
at RahulShettyAcademy.TestComponents.BaseTest.launchApplication(BaseTest.java:102)
at RahulShettyAcademy.stepDefination.StepDefination.I_landed_on_Ecommerce_Page(StepDefination.java:27)
at ✽.I landed on Ecommerce Page(file:///C:/Users/chauh/newFramework/SeleniumFrameworkDesign/src/test/java/cucumber/SubmitOrder.feature:7)
]]>
            </full-stacktrace>
          </exception> <!-- java.lang.NullPointerException -->
          <reporter-output>
          </reporter-output>
        </test-method> <!-- runScenario -->
        <test-method is-config="true" signature="tearDownClass()[pri:0, instance:cucumber.TestNGTestRunner@4b45a2f5]" started-at="2023-03-06T10:13:52 EST" name="tearDownClass" finished-at="2023-03-06T10:13:52 EST" duration-ms="47" status="PASS">
          <reporter-output>
          </reporter-output>
        </test-method> <!-- tearDownClass -->
      </class> <!-- cucumber.TestNGTestRunner -->
    </test> <!-- Default test -->
  </suite> <!-- Default suite -->
</testng-results>
